
덮어쓰기가좋긴한게, 그냥만들면되잖아.
근데 만든다 라는것에서 또 문제생기고..어휴ㅣ;;;

애초에 그냥 이미 dict에 있으면 안 넣게 해야지;
근데 dict에 없는데 저기가니 파일이 있다 이따위면 어휴'
1카피트리로 오리진은 무조건 가고.ㅇㅋ.
2.오리진에서,파일을 pil써서 옮기는것이다.
2.이떄 dict에 이미있는경우 추가되면 진짜빡칠듯.
newDatas[no][resizedKey] = resizedList
datas = appendDict(datas , newDatas)
로 흘러간다..더는몰겠고..
1차원적 키를 추가하는걸거야.ㅇㅋ..
는내가만든함수였다. 멋지네. 키가 없으면,그대로배정함.ㅇㅋ.
있으면 근데 안 넣는다. 없을때가 보증되어야 함.
..마땅히그렇지!!
이게 이런 제약이 너무 많아져버렸어.
대체 왜 이미 있는걸 넣을 생각을 하는거냐고!!

이미있으면 지우고치워야해..어휴..
근데 크롤러에서 ㄹㅇ 무작위하게 긁은뒤에 던져버리니까 필요하지싶어.
구간 정확히 맞추기 힘들고.

1.자리스트에, 넘버가 datas에 있으면 옮기기.ㅇㅋ.

os.rename('n.txt','./d/ej.txt')
도 이미있으므로발생.
remove로 지워버리자..
이미있으면지우자.ㅇㅋ.
트라이로.ㅇㅋ.
아냐..내가바보였어 txt를 왜 검출하냐고.. listdir에서 dir만가져와야지..


.......오후 8:29 2020-10-28
이거,, 이미 있는경우, 새걸로 교체한다..
인데 static이니 상관없지뭐! 하 하!
원래목적이충실히됨.
아냐..없으면 오버라이트고,있으면 안건드려요..어후..

자스캔.파일버리거나옮기고. 트래시빈은 양심적으로 비워주셈.. 명령어넣을까싶다.

자리스트가 0이 아닌경우. dir가 있다.
dir이 있으면, 심지어 dict에 없었더라도, 그냥 파기함이 옳다. strict 정책을 취하자.
일단 없으면 다 버려버리기로..
있는거 다 지우고할래? 차라리이게낫지.

새로운녀석을 환영하는정책이었는데, 최대한 막는정책으로가자. 그래야 편하게 넣으니.
변경은 이렇게 애초에 하지 않느것으로. 전엔 아마 getjar로 업데이트도 수행하려는게 목적이었을거야.

근데그럼 모바일도아니고, 차라리이게백번낫지않나..???
오프라인상태에서 조용히 수정을 완벽히 할 수 있어.어어???그러네??
수정모드 를 따로 두자.getjar는 새거만 받아들이게. ..??
ㅇㅇ 애초에 크롤링결과포맷을 가시성고려해서만들었으니말야.ㅇㅇ매우동의함.
근데 혼재를막기위해 반드시필요함.
업뎃이랑 getjar랑 구분한다!

1.겟자. 우르르넣어도 dict에있으면거르기 - 오리폴더이미있으면 거르기. 이거면충분하고,아예접근막자.

2.수정자. 여기꺼는,포맷맞춰올리면, 심지어 이미 있어도..가아니고 다 지워버리고 새로 얻자.
관리자페이지에서 origins폴더껄 가져오게하자. 크롤링하던가. 
dict는 삭제이력으로 기록해두고, 폴더는 쓰레기통2에 버리던가하지뭐.

둘 다 어떤경우에도,이미있는 img를 깨부수고 집어넣지 않도록.
ㅇㅋ매우훌륭.
핀셋수정을 그럼 안 하게되었다.매우현명한듯..

모바일에서 수정이 불가능하다는 치명적 문제가 있는데요..
보다가 엇!하고 수정이 불가능함.
아근데 누가모바일수정하냐고;;;
글고 모바일수정되면, txt긴한데,, 인젝션은안되겠지뭐..ㅇㅇ.

하..
삭제
라는걸 하게 냅두면 안되나싶기도 함..
정신나간거같아..
무조건덮어쓰기정책이 낫긴 하다.ㅇㅇ.
그럼 영영 삭제는 없는거야??
응..그런것이다...

아니 삭제나 덮어쓰기나!
아!!!

대충하자.머리를놓고.

ㅇㅇ 지금도, 보면, 겟자하는데 이미 검증완료였을 datas에 키가 또 있냐를 묻잖아.이러면별로야!

이게,함수덩치가 이상하게커져.
예외가발생하는 그시점에추가하니 이상해지고
구조저적으로 ㅈ작은게동작되게하고
그게아닌가를 사전에검증하게해야지...좋겠다.
내부에 자꾸 2중3중검출을하게하니 너무저질스러워짐.그게실패하면또어쩌려고??
애초에 맞을거란가정을하고하기보단
맞다는확신을 미리 검사하고가자.

지금은 getjar할때, dict의 덮어쓰기가 가능해보여.
datas는 완벽히 독립시키자. 그러면 키 덮어쓰기도 괜찮음.ㅇㅇ.

근데그래도 있으면덮어쓰기가아니고,,,막검사하지말고

일단 dict를 그냥 제거해버린뒤에 하던가해야지원;

심각한문제가, datas랑 json이 다르게동작하겠다.
서버측에 불러오는걸로 지금 입력해버리니까 곤란함.

datas[no]
랑

fluids[no]
를 구분하지뭐.

이러면결국 거대유일json이 아닌
마구분할된녀석이 이렇게 탄생해버리는군...후..


1.자스캔.기존딕트없음,오리진,썸넬,리사이즈 폴더가 없으면
알아서잘처리해서넣는다.
오직새것만 받아들이기위해. dict에 바로추가까지함.ㅇㅋ.

2.중복자스캔은 딕트없음에서 걸러진다.

2.수정자스캔.. ..
아오죽겠다.
함정에 빠진걸까?

플루이드는 근데 ㅇatas에 안 두는게좋지..?



오후 9:36 2020-10-28
매우간결히되었다.역시간결한게좋지.
1.getjar는, dict에 있으면 버리고, 없으면 한다. paste에 옮기고,이미있으면삭제.
2.crystaljar는, dict에 없으면수행 안 한다. dict에 있으면, datas와 dir들을 모두 옮기고, getjar마냥수행한다.
3.삭제는, 삭제시, datas지우고, fluids도 지우고, 폴더도지운다.

예외는없다.

핀셋수정기능을 제거한다. 새로추가할거면하고,수정할거면 원본받아서수정해서넣어라.
원본내보내기는,origins를 그대로 압축해서 깔끔히 수행됨.

오후 9:40 2020-10-28
정리완료.휴.

이전엔,
dict점검,갯수다르면,그러고도 또 폴더없으면, 그러고도 또 이미존재하는폴더면, 그런데 jpg가이미있으면..
식이었다.어휴;

오후 9:42 2020-10-28
dumpjar\\.gitattributes'
는뭐냐..하..
지우는명령은 조심히행하고, A외의전부는..식을 지양하자..
