썸네일 참고로 2장부터 할 필요가 있을까??
지금은 gif면 죄다 넘기게되어있음; 300안되니수정하기.
썸네일여러장은 완-전불필요할거같아.ㅇㅇㅇㅇ.. 흠..
근데 나중에 죄다보기모자이크보기면필요하겠지뭐.
ㅇㅇ 섬네일스만 죄다 불러오기,가능합니다.ㅇㅋ.
되갰냐오
일단1개만만들게!
는안하고
300이안되고,,길어졌어요.
잠깐, 왜 jpg여야하지??? 그러네???
용량 많은거 대비용이었는데, 그냥 두자싶기도 해. 움직이는게 보기 좋아!
크기만 300으로하자. jpg로 안 하고 gif로 합니다.ㅇㅋ.
와이드시,연산 다시해야한다.
1000,500일때
600 300으로 맞춰졌다치고
300300만 크롭하려면
150,0,450,300이 되어야 해.
imw/2 -300/2, 0, imw/2 +300/2, 300 
이건괜찮은데
				jarscan했더니 리턴1을받았다. 287개스캔했는데도. 흠..
리사이즈드에 gif은 안 움직이고 300보다작으면 300이상으로키운다....흠..
작으면 안 변환하게할까..?
썸네일도 변환하면서 동일하게 gif굳어버림.
				ㅇ자스캔후 저장하기전에, 랭스가 작으면 저장 안 하기.
				stabledatas를 버전별로두고, 그걸로드해서, 그이후에 이력발생한걸 조합하도록하자.
				그럼그거기준으로 jarscan시, 이력추가해야하는거아냐..?
				ㄴㄴ.jarscan은 로버스트한 시스템내부철저변화니까, 유저입력기와는 무관하다.ㅇㅋ.
				방금은 백업이없었으니 다 날아가버렸다.최소한 1회 수행시엔 백업자동으로남기게하자.
				자스캔전에 백업남기도록하면되네!오오..오오오오오...
썸네일문제. 가령 100짜리 gif모음 글을 열람시..썸네일은고정해있도록하시고. 리사이즈는그냥옮기자,얌전히.ㅇㅋ.
썸넬은 표지니까, 1장만 남길까싶어,역시..으으..!
근데 막 올-썸네일-리스트 를 얻어가지고, 뿌리면 멋있을거같긴 하지.ㅇㅋ..남기자.
gif도 동일하게 썸넬은 그럼 jpg로 저장하고 리사이즈는 그냥 원본저장하자. ㅇㅋ.근데10메가짜리 하나라도 걸려있으면 심히 느리다.
본문로드했는데 gif가없는게 더 빡친다.ㅇㅋ.
썸네일은잘됨. 작거나크거나비율깨지거나 무조건 300으로 보기좋게들어감,jpg로.
리사이즈드가 문젠데,
700274로, 그냥 막 늘어져버렸다..
이건 되게 조그만녀석이었어.
리사이즈시, 늘여야되면,,늘여야하나..?

1. 리사이즈는 gif은 원본으로 저장해야겠고,저장도아니고 이동일듯.
2. 세로길거나가로긴경우,그게 300보다작은경우, 

특이하게,같은이름,다른확장자인경우, 하나만 선택된다...아...
이건 주는곳에서조심하게하지뭐..
받고,그대로 jpg로 저장한다 라는 규칙이라 덮어쓰여지네.
근데 8개가 9개가되었잖아.
굳-이말하자면 넘버링을 증가시키며하면되는데.입력값을그대로안받고.
후...
넘버링증가는 매우위험해보인다..만..으!
원래라면근데 넘버링증가가합당하다. ㅇㅋ수정 시도함..
근데 7 7 8이라서 이게차라리낫나싶기도해,정말..
원본은 7 7 8인데, 섬넬은 7 8 9 이게더이상하다. ㅇㅇ.
리사이즈도그래서문제지.
7 8 9 면, 원본이랑 매칭이 안되잖아.
근데 원본리스트를..하..
애초에 근데 파일들 리스트는 규칙안두고 별개로 구분하자는게 목적이었지.ㅇㅋ.

리사이즈에서 700보다작은경우
가로면 늘려버려서 700어떻게든맞추고
세로면 늘려버려서 어떻게든 700맞춘다.
..나쁘지않은데??
어-쨌-든- 가로가 700이게되는거니까.ㅇㅋ그럼동의하고.
디씨콘같은경우 난리가 나니까 문젠건데, 
애초에 세로뷰지향하는거라서뭐.
ㅇㅋ.그럼현행유지.

와, savealltrue 로 그냥 gif 저장하니, 검정색공간깨져서난리남;
https://stackoverrun.com/ko/q/2628500
후후후.는 다른라이브러리쓰길래
https://gist.github.com/skywodd/8b68bd9c7af048afcedcea3fb1807966
로처리완료. 이미지시퀀스가있다.

어우 이 바보!!!
im.thumbnail( size, img anti) 가 있잖아!!!
근데 난 뭐 크기문제도있었으니 ㅇㅋ;
글고 풀사이즈가아니니.ㅇㅇㄹㅇㅇㅋ.


backup no: 1

datas len:  1

jar List length of:  1
jar List appended:  1

imgs resized:  9
good, dict appended

new Dict appended:  1 finally : 2
json saved:datas.json length of:  2
datas len after jarscan:  2

jarscan하면 로그가 오지게 길어졌습니다...

89_7746316.jpg",
잘되고.
7넘버링이라 보기도 좋음ㅎㅎㅎ
유저태그": [
            "그렇다고",
            "언제는",
            "뭐",
            "あまつきあ센세"
        ],
깔끔하고.

jar List length of:  1
jar List appended:  0
imgs resized:  0
datas len after jarscan:  2
오...이미있는거 돌려도 오류 안 난다... jarlist에 이미 있는거면 거르나보다..오지네...자동화잖아이거 야레야레..
이미지 리사이즈드가 여기서 위력발휘함.
pastebin\89' already exists
뜬다.뭐할지알지??
..근데 shutill써서, 폴더패스를, 대상폴더안에 이동.
이다..흠..
무브는 알다시피 그거안될테고.카피하고지우나..? ..그거좋은데?
ㅇㅋ그렇게하자.
shutil.move
하 이거 엄청많아. 하...

shutil.move( os.path.join(jar, i) ,pastebin)
            print('found txtfile!!!moved to trashbin.')
심지어 이거도있음. 이거는 log.txt 이따위면 진짜 오질듯.하..
근데뭐그럴만했네. 카피트리는 강제덮어쓰기로 알고있고.. 얼핏기억나네.jar엔 이렇게하려했지..
1.강제로 덮어쓴다,,
2.썸네일만든다..이미있어도해야지..
어휴;
