오후 4:47 2020-10-28
그,,본문수정요청이 들어왔음. 이후에 그림파일을 개선변경한다던가 할 예정이라고.
지금은 경전마냥 디씨글을 그대로 보존하는거였지..

추가논리니까뭐. 한번 datas에 들어온건 다시는 건드리지 말자 인것으로 보고,,수정은 datas에 하는게가능은함ㅇㅋ.

관리자수정모드에서, [이미지를교체] ,[본문글을교체] 를 하게 하자.
요는,그림파일교체나 아예 글을 삭제, 본문수정 등을 할수있는걸 만들어야겠다.ㅇㅋ.
썸네일생성되니 본문로드해서 바꿔치기술은 까다로우려나싶기도함.

혹은, origins가 재조합되니까, 그걸와..된다..와...ㅇㅋ문제없다.
즉,수정모드로들어가면 origin에서 재조합에서 getjar마냥 다시 집어넣고 처리하면된다..?혹은정밀수정.
근데 origins까지 다 바뀌는게 합리적이라 생각하니뭐..
ㅇㅇ. 아무튼정밀수정하는게아니라 유일한 접근경로를 두고, datas자체에 관여안하도록 논리가 구축 완료됨.
1.수정모드진입, origins의 텍스트, 이미지를 로드해서 변경가능하게한다
2.수정완료시,변경되었으면, 변경전목록해가지고 origins를백업을 하고
그냥 몽땅 결과를 dumpjar에 넣고 수행하자. 이경우 dumpjar의 기능이 오류나면..이라던가..흠..
1.실수를대비한 롤백기능 2.가능한 샥샥교체가 가능하게끔.
의 논리라면 굳이 getjar안하는게나음. 이거되게위험해..
그럼 datas에 아예 직접 접촉해서 입력테이블을 만들지,뭐.ㅇㅋ..
ㄴ이경우 유니코드문제발생우려가있다.이후확인하도록하세요..
ㄴ이경우 오류나면 어케하노..흑흑..
이미지는, 원본교체,리사이즈교체,썸넬교체 를 해야한다.어후.
그냥 no 폴더 안에 폴더3중구조를 할걸 그랬나; 파일명을 no로 바로 박으려고했으니뭐.ㅇㅋ..
뭐 자잘한 고민이지.일단고민탈출.
