오전 12:59 2020-11-01
다시.
하루만에 완성시키고싶다.말도안되지만.

추천수는,개인정보의의미라면 매우 안 하는게 좋아. 정수로 하자.
짤 자체엔 비공개요청,싫어요 같은것도 있으면 좋겠지.
일단은 정수로 하고 그냥 넘어갈까.

가장최근추천글
가장최근좋아요글

은 없이 하자.ㅇㅋ.

리스트였던걸 다 {}로.그래야 idx접근이 수월해.
삭제도 가능하겠고.ㅇㅇ.쌍방적임. 동의.
append 기능자체가 매우 좋기에..그러나 지울땐 인덱스로밖에 못 지우는데
지우고난이후엔 인덱스가 깨져버리는유동적인게 리스트야.
그걸 막기위해 그냥 내용을 없애버리기도되나,그러면 자료가보관되는게아니니 곤란하고.그래서.ㅇ.

오전 1:59 2020-11-01
텍스트 쓰기 로그때 인덱스를 포함해야하나?
ㅇㅇ그걸토대로 지우려면 필요함.
로그도 인풋을 리스트로 받을까 싶다.
오전 2:23 2020-11-01
일단,제조완료.매우간결함.
addn 이랑 addtext 로 나뉜것.
새로추가되고, 이미있나확인되고,,
onlyonelist에 추가하고서야 fluidadd를 수행하기.
더추가가안될뿐이니 일단은잘되네
인덱스는1부터.

기능들은차차추가해나가되
우선은 정말이지 구축 완료이다.
